500
0 8342 6893 6054 3716 2003 7317 8937 8992 2017 9316 1576
1 7317 6054 2017 2003 9316 5503 4240 8387 9691 7225 9565 6706 6956 8937
2 1496 6054 7224 2003 2017 8387 5692 8462 1576 5503 7317 1 8992 8937 1552
3 6893 2017 2003 7317 8462 1496 8387 7225 8937 6054 3716 3749 9316 1 9565
4 8342 6893 958 8462 6054 3749 7317 8992 2017 4994 2003 7224
5 958 2017 8387 3716 7225 8462 2003 5503 7317 8937 4240 6054 3749 1496
6 8342 958 6893 7317 2017 6054 2003 9316 8387 5692 3749 7224 4240
7 958 8387 2003 5503 6054 8462 5093 4240 2017 7224 8992 9565 1059 9691
8 958 3716 1496 8937 7224 2003 5503 2017 1 6054 9565 3749 5755 3128 7786
9 8342 7317 6054 9691 3749 1496 5692 7224 2003 8387 7225 9316 2017
10 6893 8387 7225 6054 2017 8462 1496 8937 5503 9316 2003 1 9565 5755 7224 6956 8198
11 8342 7317 8387 2003 5503 7225 5692 8462 3716 4240 7224 8937 2017 6054
12 2017 6054 9691 8387 8462 7317 3716 3749 5692 1 8992 2003
13 8387 2003 6054 7224 3749 2017 9316 7231 8462 8937 8992 7225 1059
14 8342 2017 7225 3716 8387 5692 8462 7224 6054 9565 1576 2003 1552 7317 3128 9316
15 6893 7317 3716 6054 2003 8387 2017 9691 7225 3749 7224 1552 4240
16 8342 8462 1496 2017 6054 2003 7317 8937 8992 9691 4240 1 7786 6956
17 958 6893 2017 7225 3749 1496 1576 7317 2003 6054 1 9316
18 958 6893 8387 7317 2017 8462 8937 6054 7224 7225 3749
19 6893 2003 7317 7225 1496 3749 2017 8992 8462 8387 6054 9565 3128 300 7224 4240 1552
20 958 6893 6054 9691 8992 2003 2017 8462 7317 1552 7225 7224 9316
21 6893 958 1496 2003 2017 3716 3749 8462 5503 8992 8937 7317
22 6893 3716 8462 2003 1 7317 1059 4240 2017 6054 9316 8937 8992 3128
23 958 6893 2017 1496 7317 6054 4240 2003 9565 1552 7224 3749 6706 5755 8427
24 2017 6054 7224 5692 8937 2003 8992 8387 3749 7225 8462 9565 1
25 8342 2017 6054 8462 8937 2003 9316 7224 7317 5503 1496 3749 3716 5755
26 6893 8387 2003 7225 9316 1496 2017 9565 3749 6054 8937 7224 6956 7307 3128 5387
27 6893 3749 1496 9316 7231 6054 7225 7224 2017 8462 2003 7317 1
28 8342 2017 8462 8387 8937 7317 1496 5093 4240 6054 8992 2003 9316 7786 1 9565
29 8342 2017 2003 7317 3749 3716 9691 9316 8462 1 8992 6054 8387 7786
30 7317 5503 2017 2003 9565 3716 7225 1059 8937 6054 9316 1576
31 8342 6893 6054 2003 8387 2017 7225 8462 9691 3716 8937 9316 9565 5093 4994
32 958 8342 6893 8387 2003 5503 1496 8462 2017 6054 7317 7231 1552 7225 1 1059
33 6893 2017 7317 6054 4994 8937 9565 2003 3716 8387 1576 1552 7224
34 2017 6054 5692 5503 7224 9565 8462 3749 9316 7225 8937 2003 3716
35 6893 6054 2017 3716 7317 2003 7225 1496 8387 3749 1 5093
36 2017 6893 7225 8387 3749 3716 8992 8462 7317 7224 6054 2003 1552
37 6054 2017 1496 8387 8462 2003 9316 7317 7225 8992 3716 7224 7231
38 6893 6054 2017 8462 7317 9691 3749 8992 7224 8387 7786 1552 1 2003 5755
39 8462 6054 5692 2003 1496 8387 8937 5503 2017 7317 3749 8992 9316 3128 4240 7786
40 2017 8937 9691 4994 8387 6054 3716 7317 2003 5692 3749
41 6893 958 6054 2017 7317 8387 7224 8992 9691 9316 2003 3749
42 6893 6054 2003 8387 9691 1496 7317 7225 5503 3749 2017 7786 3716 6956
43 6893 2017 1496 7224 8992 2003 6054 4240 8937 3128 6706 1 5755 6956
44 958 7317 6893 8387 6054 7224 9565 2017 8992 2003 8937 1059 1 1552
45 6893 6054 2003 5503 4994 3716 2017 7786 1576 1 7317 8937 7224
46 8342 6893 6054 7225 2003 3749 7317 2017 5503 3716 8937
47 6893 958 6054 8387 8937 3716 1496 2017 9565 2003 3749 8992 7224
48 8342 6893 3716 2017 1496 9691 7317 2003 6054 9316 8462 7231 1 8387
49 958 8937 7225 7224 7317 2017 8462 1576 6054 9316 2003
50 8342 6893 8387 7317 5503 2017 9316 2003 6054 3749 3716 7224 5692
51 8342 2017 2003 8387 7317 9316 7225 5692 6054 3716 1552 8992 1059
52 2017 2003 3716 6054 1496 4240 8992 7225 5093 1576 8462 1552 9565 5755
53 8342 6893 7317 2017 2003 8387 8462 8937 6054 9316 5755 1 1552 7225 4240
54 8342 6893 958 8387 2017 7317 5503 2003 7231 6054 9691 5692 8992
55 6893 7225 8387 2017 8937 5503 7317 8462 6054 1552 7224 2003 3749 9316
56 6893 6054 2017 7317 1496 7225 2003 5503 9316 7224 8387 4994 3749 7786
57 958 6893 6054 2003 8462 8387 8992 8937 2017 4240 9565 9691 3716 300 6956 1552
58 8342 6893 2003 6054 9565 7225 7231 2017 8462 9691 8992 8937 7317 3128
59 8342 6893 8387 7225 8937 7317 2003 6054 3716 8462 1496 2017 9316 9691 1
60 8462 2017 2003 6054 3749 9316 3716 8387 8992 5755 7225 5692 7786
61 958 6054 8387 2017 7225 5503 7224 7317 9316 8992 3128 3716 2003
62 8342 6893 7317 2017 6054 8387 9565 9316 1059 8937 2003 7224 6706 7225
63 8342 6893 6054 2017 1496 3749 7224 7225 7317 2003 4994 9316 8937
64 8342 2017 3716 8937 8992 7317 7224 6054 7231 9565 6706
65 6893 2017 1496 7317 7224 7225 2003 9316 6054 3749 8992
66 8342 6893 1496 5692 2017 8937 9691 6054 2003 1 1059 9565 7224 3749 9316
67 8342 958 7225 5503 6054 7317 8462 2003 9691 8937 2017 1552 7224
68 8342 958 1496 3716 8462 2017 6054 7224 8937 2003 7231 5692 3749 9565
69 8342 7317 8387 2017 7231 1496 9316 7225 8462 7224 8937 1 6054
70 8342 958 8387 2017 6054 3716 8462 9691 3749 8937 5692 7224
71 958 7317 5503 6054 9691 5692 2017 8937 3716 2003 3749
72 7317 8387 2017 2003 8462 3716 6054 9565 7224 3749 7786 5755 1 3128 4240
73 6054 5503 7224 9691 8387 3716 3749 2017 1 1576 8992 2003
74 7317 8387 8462 3749 2017 6054 9316 1 1552 2003 1496 7224 8992 3128 5755
75 8342 6893 2017 2003 8387 7225 7231 1576 4240 8462 9691 6054 1059 4994
76 6893 6054 9565 2017 7225 8462 9316 3749 8992 4994 1 2003 8387
77 6893 7317 4994 2017 8937 9691 9565 8992 8387 7786 1576 6054 2003
78 8342 6893 8462 2017 1496 8387 3716 4240 6054 1 5093 7231 2003 9565 7225
79 6893 7317 8462 8937 2003 9565 5503 1059 5692 9691 8992 1 6054
80 1496 8387 7225 6054 7224 7317 2017 8937 4240 9565 7786 9316 2003 1576 3716
81 6893 7317 7225 3749 6054 4994 9565 5692 2017 7224
82 8342 6893 3716 3749 5692 8462 1496 7225 7224 2017 8992 6054 7786
83 958 7317 6054 2003 3749 8937 3716 1 8387 2017 9565 8462 9316 7224
84 7317 2003 2017 3749 3716 7224 1496 8387 6054 8937 1 8462 9316 1576
85 1496 6054 7225 2003 7317 2017 8462 1576 8387 8992 7786 7224 4240 6956
86 8342 6054 8462 7225 2017 8387 2003 9316 1 7231 4240 5755 3749 8937 2107
87 8342 6893 6054 7317 2003 3749 3716 7224 2017 8387 4240 9316 7225
88 2017 1496 3749 7224 7225 7317 3716 2003 6054 8462 8992
89 958 6054 8387 8992 2003 2017 5093 3749 9565 4240 9316 7225
90 8342 6893 958 2003 2017 7317 3749 6054 5503 4994 9316 7786 7224
91 8342 958 6893 7317 6054 3716 2003 8387 2017 1 1552 9316 7786 8992
92 8342 6893 2017 8462 7317 9691 8387 3749 9316 6054 2003 300 3128 1 4994 7786
93 6893 8387 6054 7225 2003 3749 8462 8992 3716 2017 7224 3128 9565 5755
94 6893 8462 2003 2017 7224 7225 6054 5692 9316 8387 4994 300 2107 6956 7231
95 2003 7225 8462 7224 2017 3716 9316 4240 6054 1576 7786 6706 5093
96 8342 6893 3716 5503 8387 8992 1 7317 6054 1496 2017 2003 5755 6956
97 8342 958 8387 6054 2017 7317 3749 1496 9565 2003 5503 9316 1552 9691 8992
98 8342 6893 7317 6054 3716 1496 2003 7224 2017 8387 5503 1552 8992 1059 9316 8462 3128
99 8342 7317 6893 6054 2017 7225 2003 7224 9691 9565 8992 3749
100 6893 6054 3716 8387 8462 2017 7317 1552 8992 1 7224 7225 2003 8198
101 958 6893 6054 2017 2003 8387 8462 7317 7225 9316 7224 3716 9691 5755
102 958 2017 8462 1496 2003 7224 8937 8992 8387 1 6054 9316 1552 3749 5755
103 8462 6054 2017 3749 7225 8387 2003 7224 7317 5503 5692 9316 1
104 6893 2017 8462 9691 8387 9565 6054 8992 1552 8937 2003 1 7225 5755 7786 7224
105 8342 6893 7317 3749 2003 2017 1576 9565 7225 3716 7224 6054
106 6893 2017 8387 6054 8937 2003 7317 9565 8462 7225 1496 7224 6706 7307
107 2017 6054 8462 7317 9691 7224 2003 3716 7225 5692 8387 8937 1
108 7317 8462 7225 2003 3716 6054 7224 2017 1 5692 6956 4240
109 8342 958 6893 7317 6054 1496 8462 8387 5692 9565 2017 3716 7224 2003 9316 1059 3128
110 8342 6893 1496 8387 7317 7225 2017 8937 2003 6054 5692 1 9316 9691 1552
111 8342 2003 6054 2017 1496 7317 3716 8387 5503 5093 9316 8937 7224 300 3128 6956
112 2017 9691 6054 9316 9565 7225 5692 8462 2003 7317 8992 7224
113 8387 7225 9565 2003 8937 9316 7224 6054 7317 3749 5692 1496 2017
114 2003 7317 1496 6054 9565 3749 8387 4240 1552 8992 2017 7231 8462 9316 1
115 8342 958 1496 6054 7317 2003 5503 7224 8387 2017 8992 4994 1
116 8387 4994 2017 8462 2003 6054 8992 9316 7231 9565 1 7225 6956
117 8342 6893 8387 7317 2003 2017 9565 8937 6054 7224 5692 6706 3749 1059
118 8342 6893 7317 8387 9691 3716 5503 1496 3749 6054 8992 8462 2017
119 8342 6893 8462 8387 2003 3716 7224 6054 5503 5692 2017 7225 9316 6706 9565 1059
120 8342 8387 8462 7317 2003 3749 3716 7225 6054 2017 7224 1 9316
121 8342 6893 958 2003 7317 8937 5503 6054 9316 1059 2017 1552 3716 6706 3128
122 6893 7317 8937 8462 3749 6054 8992 2003 9565 8387 1552 1 9316 2017
123 2003 6054 9565 7317 2017 3716 1552 8387 1 8462 3749 300 7224 1576 9316
124 7317 8387 4994 6054 2017 9316 3716 1 2003 3749 7224 7786
125 6893 1496 6054 3716 5503 2003 9565 7317 5692 2017 8992 7786 8387 1552 1059 3749
126 8342 958 2017 8387 3716 7225 8462 4994 5503 9565 6054 3749 1496 8937 9691
127 8342 958 8462 7225 8387 6054 8992 2003 2017 7224 7231 9316 7786 9565 5755
128 8342 6893 958 2017 8462 2003 6054 9316 9691 1552 7225 7224 7786 8992 6706
129 6054 7317 2003 2017 3749 1 7224 300 3128 8198 9565 7909 4240
130 7225 2003 8387 8462 6054 7317 9316 3749 4240 2017 5692 1 8427
131 958 1496 2017 8387 7317 3716 9691 7224 7225 2003 9316 1 6054 1552
132 8342 6893 8387 3716 3749 6054 5503 7224 7225 2017 2003 7317
133 958 3716 7225 5503 2017 1496 9565 8387 1552 8462 8937 2003 7317 6054 8992
134 6893 8387 2003 7224 3749 7317 3716 2017 6054 1 9691 1552 5755
135 6893 7317 8387 6054 2017 2003 1 7786 3749 2107 5755 8992 1552 8427 7224
136 8342 6893 2017 6054 5692 7317 8462 9316 8387 4994 8992 3749 2003
137 6893 1496 7317 3749 6054 8937 8462 2017 5692 3716 2003 7224 1
138 6893 2003 1496 4994 2017 7224 9565 6054 8992 7317 7786 9316 3128 7231
139 2003 2017 6054 8462 7224 7317 9316 3749 7225 3716 8992 1552
140 2017 2003 7317 8387 6054 3749 7225 9565 9316 7224 7909 958 8198
141 958 7317 5503 2017 2003 7225 6054 8992 3716 9316 7224 1552
142 6054 8462 7317 2017 7225 5692 2003 1576 7224 5093 4240 1552
143 6893 8387 6054 7225 2017 8937 5503 7317 9316 1496 3716 2003 4240 9565 6706 300 1552
144 2003 6054 7317 7224 2017 7225 8992 3749 8387 7231 8462
145 8342 958 8462 1496 2003 7224 3749 5692 2017 6054 4240 3128 1576 1
146 6054 8387 3716 3749 2003 7317 1059 8992 5692 6706 2017 8462
147 8342 958 6893 6054 9691 2017 3749 2003 8937 7224 9316 7786 5692 9565
148 8342 7317 2017 8937 8462 8387 6054 7224 9691 7225 9316 2003 8992
149 8342 6054 2003 2017 7225 3716 7224 8387 3749 3128 7317 6956 7786
150 2017 2003 8937 7317 6054 3749 8387 9565 8992 9316 8462 7224 1059
151 8342 2017 6054 8462 8387 9691 7224 8937 1 4240 5692 2003 9316 3749
152 8342 6893 958 8462 8387 7224 9691 2017 2003 9565 6054 7317 8992 8937
153 7317 8387 6054 3749 9565 8992 9316 8937 8462 2017 2003 7224 7225
154 8342 958 2003 8462 1496 6054 9691 7231 8937 2017 7225 3716 3749
155 958 6893 2017 7317 3716 2003 6054 7225 7224 8992
156 958 7225 2017 3749 6054 5503 8387 7317 2003 8992 9691 9316 7786
157 6893 2003 1496 7224 8462 2017 6054 9316 9691 3716 1552 4240 4994 300 2107 3128 8198
158 8342 6893 8387 5503 2017 5692 6054 8462 8937 7225 1496 7224 3716 8992
159 8342 958 2017 6054 8387 3749 2003 5503 7224 4994 5692 7317 8462
160 8342 9691 6893 3716 1496 6054 9316 8462 2017 4240 5093 300 2003 7786 7317 5755
161 1496 8387 7224 2017 8937 2003 7225 8992 6054 7317 8462 1 4240 1552 9316 7786
162 958 6054 8387 3716 4240 2003 8462 1 9565 2017 1576 1552 8992 7224
163 6893 958 8387 6054 8937 1496 7317 5692 2017 9565 3716 2003 7225
164 1496 2017 7317 8387 9316 6054 3749 3716 8992 1 1576
165 6893 958 8387 8462 2003 7317 2017 1496 4240 9316 6054 1 3716 8992
166 7317 2017 8462 3749 3716 8387 2003 7225 5692 8992 6054
167 8342 958 6893 2003 6054 1496 8462 4994 7225 9316 3716 8387 8992 7317
168 7317 4994 3716 8387 6054 9691 2003 5692 5093 1 1552 2017
169 8342 6893 6054 8387 7317 2003 3749 4994 8462 5503 7225 8992 7224
170 958 6893 2017 3749 6054 7224 2003 1496 8937 8992 7317
171 8342 6893 958 8462 7317 2003 6054 3716 5503 9691 1 7231 7225
172 5503 7317 2003 6054 3749 2017 5692 8387 8992 9565 4240 1 5755
173 8342 2017 9691 2003 7317 6054 8462 3716 8387 7225 6706 1576 4240
174 7317 2003 8387 6054 2017 8992 4240 5692 9316 1576 6956 1
175 8342 958 2017 7317 8462 6054 8387 3716 9565 1059 8992 8937 7231 2003
176 6893 3716 7317 7225 2003 8937 1496 2017 8462 6054 8387 7224 4240 9565 9691 7786
177 958 7317 7224 8387 6054 2017 1496 5692 9565 2003 5093 4994 4240
178 8342 6893 6054 9691 3716 7317 2017 7225 1059 5692 2003 7224 1552
179 6893 6054 1496 8387 7225 3716 7317 8937 2003 2017 1576 9316 7224 7786 1552
180 6893 2003 7225 7317 3716 8387 5503 6054 4240 8992 7224 9316 7786
181 8462 2017 2003 7225 9316 9691 3749 6054 3716 7317 7224 4240
182 6893 6054 8937 7317 8387 8462 9316 8992 2003 3749 1 4240 2017
183 958 6893 2017 8387 7317 6054 1496 7224 8462 9316 7225 1576 8992 2003
184 8342 6893 1496 2017 8387 7317 7225 7224 9691 6054 2003 1576 3749 1552
185 6893 2003 8462 2017 8937 1496 7317 7224 8387 6054 5692 3716 3749 1552 5755
186 958 7317 2003 8387 6054 2017 7225 1 1576 7224 8937 9316
187 6893 7317 9691 2017 1496 3749 7224 6054 2003 8462 1 9316 7225
188 2017 8387 6054 7224 1552 2003 7317 4240 5503 3749 7225 6956 1576
189 8387 7317 9691 6054 2003 7225 8992 9316 4240 5093 2017
190 6893 8462 5503 2017 1496 9565 6054 7224 1552 8937 6706 5093 7225 2003 1059 7786 1
191 2017 7224 8387 2003 6054 1 8992 8462 4240 7786 1552 2107 5692 5387 5755 812
192 958 2017 8387 1496 7317 6054 2003 1552 1 8937 7225 9316 4240 8427 7786 9565
193 6893 5503 8387 1496 8937 2017 6054 5692 2003 8462 7317 7225 3716 8992
194 6893 6054 2003 8387 7317 7224 9691 9565 3716 8937 8992 2017 1
195 8342 958 2017 2003 7317 7225 9691 3749 6054 9565 7224 8387 9316
196 7317 2017 6054 2003 7224 9316 8387 4240 3749 8462 9565 1576 3716
197 6893 8462 3716 6054 8937 2003 3749 1576 7224 1059 7786 4240 8387 9316
198 8342 6893 958 8462 2017 8387 6054 2003 7224 3716 7317 5692 1576 1552 8198
199 6893 7317 5692 7225 8387 2003 3716 2017 4240 6054 8992
200 6893 7317 9565 7225 2017 1576 6054 7224 5503 8992 2003 8387
201 8342 6893 8387 6054 7317 2003 4994 5503 7224 9316 3749 8992
202 958 8387 6054 9691 2003 3716 4240 7224 2017 9565 9316 6956 7752 7909
203 6893 2017 8462 2003 3716 6054 7225 1496 9565 7224 8937 3749 3128 4240 6956
204 8342 6893 958 2017 8937 1496 6054 9565 1 8992 2003 1552 3716 8387 7224 3128 8462
205 8342 6893 8462 6054 7317 5692 7225 2003 1552 9316 2017 7224 4240
206 8342 8387 2003 7317 6054 5503 8462 1576 7225 2017 9691 7224 3128 9316 9565 7786
207 6893 2017 7225 1496 6054 3716 7224 5692 8462 8387 9316 2003 1 8992
208 8342 6893 3716 6054 8387 2017 9565 1552 7224 2003 8937 4240 1059 7225 7786 4994 3128
209 6893 2003 5503 2017 7224 9565 6054 7225 8387 3128 1576 6956 5755 4994
210 8342 6893 2017 8462 8937 6054 3716 7231 4240 7224 5503 2003 9691 9316 8387 3128
211 8342 958 6893 6054 8387 9691 3749 7317 2017 7231 9565 2003 8462 1496 9316
212 8342 6893 3716 8937 6054 7225 4994 9565 2017 7224 2003 1059 3128 5692
213 6893 7317 7225 6054 2003 2017 3716 1 9565 8992 7224 8387
214 6893 8387 2003 2017 6054 3749 1496 9565 7317 3716 1059 6706 5093 3128
215 2003 7224 3716 6054 2017 1576 1059 7317 7225 1552 5755 9316
216 5503 6054 2003 7224 1496 3749 8387 7225 1552 2017 6706 4240 5755 7317
217 8342 6054 2017 7317 8387 2003 8937 9565 8462 3749 9316 4240 7231 1 5755
218 8387 2003 3716 7224 9565 3749 7225 1059 2017 6054 5692 7317 8462 1552 5755
219 8342 6054 2017 9691 2003 8387 8937 9316 8992 5503 1 6706 4240 7224
220 6893 1496 7317 8387 2003 8462 2017 6054 1 3749 5692 4240 5755 6956
221 958 6893 8387 1496 2017 6054 7224 2003 4994 4240 5503 1 8992 1552 3128
222 2003 2017 8937 3749 8387 7317 5503 5093 6054 7231 1 9316
223 6893 6054 2003 4994 7225 8387 7224 7317 2017 5692 6706 300 1576
224 8342 6893 8462 1496 2003 3749 7225 8387 9691 2017 3716 1552 6054 1059 4240 9316
225 1496 6054 8387 3749 2017 2003 1 8937 7224 7909 8198 4240 300 5755 9316
226 958 8387 6054 7225 2003 9691 4994 7317 1576 8992 9565 8937
227 8387 7317 5503 7224 2017 5692 3716 6054 1059 9316 2003 6706 7307
228 8342 8462 6054 2017 3749 2003 4240 8387 7317 8937 1 7225 3128 7231
229 958 2017 6054 7317 2003 1552 8387 7224 7225 3716 5692 8992
230 6893 3716 1496 5503 2017 7225 3749 7317 9316 4240 4994
231 8342 7317 6054 7224 3749 8462 2017 5503 8387 3716 8937 4240 9316 2003
232 958 2017 8462 2003 8387 6054 5503 9316 7317 3749 1 8992 7225
233 6893 7317 2003 8387 6054 8992 7224 3749 2017 7225 7786 1576
234 6893 5503 7317 8387 3749 6054 9565 2003 1496 1576 2017 7225 9316 7231 1552
235 8342 6054 2017 2003 7317 7224 8937 8387 9565 1059 4240 4994 7225
236 8342 6893 2017 2003 8462 3716 3749 1496 8387 9316 4240 9565 6054 7317 8992
237 8342 6893 8387 2003 5503 3749 7317 8992 2017 7231 1552 1 6054 5755
238 958 6054 2017 2003 8387 9691 7317 5503 8462 1496 8992 7225 7224 8937 7786
239 8342 3716 6054 8462 7317 5503 2003 2017 300 5692 1576 3128 9316 5093
240 6893 6054 7317 5503 2017 8937 9565 3716 1496 8992 7224 2003 1576
241 8342 6893 7317 2017 8387 9565 9691 1496 6054 8992 3749 7224 5503 1
242 958 6893 2017 8387 8462 6054 7225 3716 9316 7317 1576 2003 4994
243 6893 8462 7317 2003 1496 7225 2017 8387 6054 3749 1 1552 3716 3128 7224 639
244 1496 7225 8387 3716 7231 2003 6054 2017 8992 1552 9316 7317 6706 9565
245 958 7317 8462 3716 1496 2003 6054 2017 7225 9691 8992 4994
246 7225 8387 1496 2017 9565 2003 7231 7317 5692 7786 6054 9316 300 8462 1 7224
247 958 2017 8462 3749 2003 8992 5503 6054 7225 7317 3716
248 958 8462 2017 6054 8992 3749 7224 2003 7317 1059 9565 9316
249 6893 2003 2017 8387 9691 6054 3749 3716 8992 7231 7317
250 6054 7317 4240 2017 4994 2003 1552 5093 1 6956 8992
251 6893 958 1496 6054 7317 9691 8937 7225 2017 2003 8992 8462
252 6893 958 7317 2003 2017 9565 5503 9316 8937 8462 8992 6054 1496 3749
253 2017 1496 2003 6054 8387 8462 5755 6956 5093 7225 300 9316 3128 7224 5692 5387 1059
254 6893 9691 8462 2003 6054 3716 2017 7317 4240 8387 9316 9565 1552 6706 5755
255 958 7317 7224 8387 2003 2017 3716 4994 8937 6054 5503 9316 1496 7225
256 8342 2017 9691 6054 8387 3749 7317 5503 2003 8992 7786 1552 1576 5755 3128
257 8342 6893 6054 7317 1496 2003 2017 9691 7225 8937 4240 1552 9316 9565 8198
258 2017 7317 2003 9316 3749 6054 3716 7224 1 300 7786 1496 6956 1552
259 6893 8462 9691 6054 2017 7317 1496 8992 7224 1552 8937 7231 2003
260 8342 958 6054 8462 8937 3749 7224 5503 7317 2017 1 2003 3716
261 6893 2003 8937 8387 2017 9691 1 3749 7224 6054 7225 3128 3716 7786
262 6893 8462 6054 3716 8387 2003 2017 8992 7224 9691 7225 1552 5692 4240
263 8342 6893 2017 5503 2003 6054 1496 7317 8462 3716 9565 7224 3749 4240
264 6893 2017 2003 8387 6054 5692 9316 7224 1 5503 8462 7317 300 5755 7786 7307
265 7317 8937 8387 3716 7224 1496 2017 9691 8992 2003 7225 6054
266 7317 1496 3749 9316 2017 3716 2003 1552 6054 5503 6706 7225 7224
267 7317 1496 8387 2017 7225 6054 3749 2003 6956 8937 7307 7224 7786
268 7317 2003 2017 7224 6054 8387 5503 4240 1576 6706 3749 5692
269 6893 8387 2017 7317 9691 1496 7224 6054 9316 8937 2003 1 8462 4240 9565 5755 5387
270 8342 2003 2017 1496 5503 8387 6054 4240 8992 7225 3716 3749 1
271 958 8462 8937 2003 1496 7317 5692 8992 2017 7224 1 4240
272 6893 958 6054 7317 3749 8387 7224 2003 2017 8462 3716 1576 5387 2107
273 958 6893 1496 8387 2003 2017 6054 5503 8992 7317 9565 3749 1 5692 300
274 8342 6893 7317 2017 6054 8462 5692 4994 8387 9316 7231 2003 8937
275 8342 6893 2003 1496 3716 8387 8462 8992 7317 6054 9316 4240 9565 2017 7225
276 8387 6054 3749 7317 9316 9691 8937 2003 7225 4240 5692 2017
277 958 2017 1496 8992 1 7224 6054 2003 4240 9565 8387 5692 6956 1552 5387 9316 7786
278 1496 6054 9691 2017 7317 2003 8937 9316 7225 1 8387 8198 1552 7224 9565
279 8342 6054 7224 8387 8937 2017 7317 7231 2003 7225 1059 9316 5755
280 7317 7225 6054 2017 8937 8992 9316 7224 9691 8462 2003
281 2017 6054 2003 9691 3749 3716 8462 7225 1576 9565 8387 1 9316 6956
282 6893 2003 1496 3716 2017 3749 1576 4240 7224 6054 5692 1
283 6893 6054 1496 8387 7317 7224 7225 2003 4240 2017 3749 8992 8462 3128
284 958 2017 2003 5692 7224 3716 8387 7317 6706 6054 1576 300
285 7317 2003 7225 8462 6054 3716 2017 9316 1 1059 1552 958 639
286 8342 6893 958 7317 2003 2017 5093 1 7224 9565 5692 6054 9316
287 8342 958 8387 7225 3716 2003 7317 1496 9316 2017 9565 8462 6054 5503 8992
288 8342 6893 6054 2017 8387 2003 8462 9316 7225 9691 5755 7317 9565 7224 1059 1576
289 6893 6054 2017 7317 2003 8462 7225 9691 5692 3716 8992 9316 8387
290 6893 8387 2017 6054 2003 8992 7224 4240 7225 1576 7317 1
291 958 7317 8462 2003 6054 9565 2017 9316 8387 7231 8992 8937 7786 1552 3716
292 6893 1496 2003 7225 2017 6054 3749 7317 8387 8462 5503 8937 1 7231
293 6893 8387 2003 8937 5692 6054 7317 7224 3749 1 2017
294 6893 7317 2017 5503 7225 7224 8387 9316 3749 6054 2003 8937 1
295 6893 8462 9691 7224 2017 9316 4994 6054 2003 1 7225 3749 300
296 958 7317 2017 7225 1496 6054 8462 5503 4240 2003 1576 1552 6706 7224 3128
297 958 2017 6054 3749 7317 2003 7225 9691 7224 3716
298 6893 7317 8462 8387 3716 2017 2003 1496 8937 7224 8992 5692 6054
299 958 6893 1496 2003 8387 8462 6054 3749 3716 8992 4240 2017 7317
300 8342 6893 958 2017 2003 6054 3749 7224 8387 1576 1496 1 8937 3128
301 8342 6054 2003 8387 7317 9565 5503 8462 5692 2017 4240 7225 1552 6706 5093 5755
302 8342 958 6054 2017 2003 3716 7317 8462 3749 1552 7224 8387 8992
303 958 7317 6054 7225 5692 2017 9316 3749 8387 4994 9565 4240
304 8342 958 6893 2017 8387 6054 8937 3716 9565 2003 7317 4994 9316 3749
305 6054 7225 9565 9316 2017 7224 2003 7317 5692 5093 1 8462
306 8342 8387 3716 2003 2017 6054 8937 1552 8462 9316 7225 3749 7786 7224 8427 2107 8400
307 6893 6054 2003 2017 8462 7317 7224 1496 8387 9316 1552 8992 3716 7786 4240 3128
308 6893 5692 2003 8937 8387 7317 6054 4994 3749 9565 2017 9316 1576
309 8342 6893 7317 8462 8387 2017 6054 2003 5692 9316 8992 7224 1576
310 6893 7317 1496 5503 7224 7225 2017 6054 8387 8937 6706 9691 2003 3128
311 8342 6893 958 3716 4994 7317 6054 3749 8937 7225 8387
312 8342 7317 7225 2017 7224 9691 3716 9565 2003 1496 8387 6054 9316 1576
313 8342 958 6893 5503 2003 6054 9691 8462 3716 7225 3749 8387 7317
314 958 6054 7225 2017 5692 9691 5503 2003 3716 1 3749 7786
315 8342 958 7317 8462 2003 2017 5503 7224 7225 8937 6054 5692
316 8342 6893 2017 2003 8937 6054 7225 3749 7224 8387 8992 1576 1496 1552
317 8342 958 6893 1496 8387 9691 2017 6054 2003 7317 9565 9316 3716 8992 3128
318 1496 2003 8387 6054 2017 7317 7224 9691 9316 9565 3749 8937 1 3128 6956
319 8342 6893 8387 3749 5503 7224 2017 1 7231 6054 9691 1576 2003
320 8387 6054 3749 8462 1496 7224 5692 7317 5503 2003 2017 1059 3716 5093
321 8342 6893 6054 2017 3716 8387 7224 8462 2003 3749 7317 9316 7786 1
322 8342 6893 6054 9691 4240 1576 9316 8937 2017 7317 2003 1552 3749
323 8342 6893 6054 8387 5503 2003 2017 7225 9691 8462 9565 8992 8937 1576 9316
324 8342 2017 7317 2003 6054 8387 1496 8992 5503 9316 6956 7224 1576 3128 9565
325 8387 2003 8462 3716 3749 7224 8992 2017 7225 4240 6054 1 1552
326 6893 7317 2017 3749 8387 6054 9691 9316 1059 3716 5503 5692 1552 2003 7786
327 6893 1496 6054 3716 5692 5503 2003 7225 1552 2017 8937 7224 4240 9316
328 6893 2017 2003 7317 7231 5692 8992 6054 9316 3716 7307
329 958 6893 8462 3716 7225 9565 8387 7317 1496 4240 6054 1059 4994 2017
330 2017 7317 8462 7225 1496 8937 6054 1 9691 6956 3749
331 958 7317 8462 1496 3749 6054 3716 2003 8387 2017 4240 8937 9316 6956
332 8342 2017 2003 3716 6054 5503 8387 1552 1 7786 7225 6956 300 639 8400 4304
333 958 6054 9691 8462 7317 8992 2003 4240 8387 7231 7224 9316 5503
334 8342 8462 8387 9691 8937 7224 2017 3716 1 7225 4240 5692 6054 2003 7786
335 6893 2017 2003 9316 7225 6054 8462 7224 1552 8992 3749 7317 8198
336 6054 7317 9691 3749 7225 4240 2003 7224 8462 2017 8387 8992
337 6893 2017 8387 2003 5503 7225 7224 3716 7317 9316 8462 3749 7786 6054
338 8342 7317 2003 5503 2017 6054 3749 8387 8992 8937 5692 5093
339 6893 9691 6054 1496 8462 7317 3716 3749 8937 2017 7225 1552 8387
340 6893 958 6054 2017 1496 7224 8462 2003 7317 1552 8992 3716 1059 2107 3128
341 6893 8387 8462 7317 7225 2017 7224 2003 6054 3749 4240 8992 9316
342 958 6893 8387 2003 7317 2017 8462 5692 3749 8937 7225 9565
343 6893 8387 2017 5503 7317 9565 2003 6054 9316 7224 3749 1552 9691 7225
344 6893 6054 7225 2017 9691 7224 8387 3716 8937 3749 1496 2003 9316 8462 9565 2107
345 8342 6893 2017 2003 6054 3716 7224 7317 8992 3749 1496 5692
346 8342 2017 8462 7225 7231 5503 8992 6054 2003 1496 5755 300 9565 7224 4240 8427
347 8342 958 6893 8462 7317 2003 6054 5503 9691 4240 7224 8387 8937 2017 9316 9565
348 8342 6893 2017 8387 6054 2003 9691 9316 4240 7225 1 8992 6706
349 8462 2017 2003 6054 3749 3716 7224 7225 9565 8937 4994 8992
350 8342 6893 8387 1496 2003 7231 9565 2017 1 9316 8462 6054 7224 3716 1552 3128 5093
351 8387 2017 6054 9691 3716 7224 9565 2003 4240 8992 7225 9316 6956
352 8387 8462 7225 2003 7317 6054 1 4240 2017 9691 7224 3716 3128
353 6893 958 8387 6054 8462 2003 7317 8937 2017 7225 9565 3749 9316 1576
354 8342 958 2003 6054 7224 1 8387 8937 9565 4240 2017 7317 3749 1059 8462 1552
355 8342 6893 2003 8387 2017 6054 9691 8937 7231 1576 7224 7225 9316
356 8342 958 6893 6054 2017 7317 5503 7224 2003 8387 3716 9316 1576 4994
357 958 2017 2003 8462 6054 8992 7224 7225 8387 8937 1 6956 7786 5755
358 958 8342 6893 7317 2017 3716 8387 1496 6054 9316 5503 9565 2003 5692 7224 4240
359 6893 2017 7224 2003 6054 8387 4240 1 3716 9316 3749 8462 3128 5755 1576
360 958 3716 8462 1496 5503 7317 3749 8387 6054 4240 8992 1576
361 8342 3716 9691 1496 5503 7224 2017 6054 2003 8462 300 3128 1059 5692 7307 9316
362 958 8937 6054 3749 2017 9316 1496 8387 1 1552 4240 9565 8462 2003 7224 3128
363 6893 1496 2003 8937 2017 7224 5503 8387 1 8462 3716 6054 9316 6706 5692
364 6893 2017 2003 3716 8937 8462 9316 8387 7317 6054 6956 3749
365 8342 958 6893 2017 9691 2003 3749 9316 5093 7317 6054 8462 3128
366 2017 6054 9691 2003 9316 8992 5503 7231 3749 8937 7224
367 7317 6054 8462 9565 8992 2017 7224 2003 1576 9316 1552 3749 3128 4240
368 8342 6893 958 7317 8462 6054 7225 7231 8992 2003 7224 2017
369 6893 8387 7224 7225 2003 5692 3749 2017 6054 8992 8937
370 6054 2003 7317 8462 7224 2017 5503 3716 1496 6706 1552 5093 8937 9565 5755
371 7317 2003 1496 8462 8387 5503 4240 2017 9316 8992 1552 7786 6054 1576 1 7224 8427
372 958 6054 5503 2003 4994 3716 2017 8387 9316 8937 4240 7317
373 8342 6893 8387 9691 8937 6054 2017 9565 2003 7317 1 7224 7225 1552 6956
374 6054 7317 2017 8387 9316 2003 1552 1576 8992 8937 7224 5692
375 958 7317 7224 2003 4240 8387 2017 8937 3716 5692 1
376 8387 6054 7317 7225 5503 4240 2017 9691 3716 2003 1552 4994 7224
377 8342 7317 6054 1496 7224 2017 3749 8992 1 5503 8387 2003 8462 1576
378 958 7317 2017 2003 7225 7224 9691 4240 8992
379 2017 6054 3749 2003 7225 3716 4240 6706 6956 1
380 2017 6054 7317 8462 2003 3716 8937 8992 9316 5503 9691 1 4240
381 8342 3749 2017 6054 3716 8992 9316 7317 1059 1552 2003 7224
382 8342 6893 958 6054 7317 2017 3749 9316 2003 3716 8462 8387 7231 5503
383 958 7224 2017 3749 8387 8462 8937 1 3716 9316 2003 6054 1496 9565 5692
384 958 8462 2017 8387 1496 7225 8937 2003 9565 9316 7317 6054 3716 1 5755
385 8342 6893 6054 3716 1496 7224 2003 7317 2017 3749 4240 8387 7786 8462 3128 9316
386 8342 6893 958 7317 1496 2017 8387 6054 9691 7225 8992 3749 2003
387 8342 6893 8387 6054 2003 7317 2017 5692 9316 8992 1 7225 8937
388 958 2017 6054 7317 7224 8387 2003 9565 9691 8992 6956 7307
389 6893 8462 2017 6054 7224 3749 8387 8937 7317 7225 2003 8992
390 958 7317 2017 7225 3749 8937 2003 3716 6054 5093
391 8342 6054 2017 7225 8937 2003 3749 8387 9316 8992 7317 7224
392 6893 958 8387 6054 7317 2017 7224 9691 4240 2003 1576 9316 6956 1552
393 8342 5503 7225 6054 8462 7317 2017 8387 3749 8937 9316 7224 9565 4240 2003
394 8387 7317 2003 7225 6054 5503 8992 3716 2017 9316 7224 1
395 5503 8462 3749 8387 9691 3716 2017 6054 7225 9565 4240 2003 9316 5093
396 8342 6893 1496 7317 6054 8462 2003 2017 1 8992 6706 9316 2107 5755 8427
397 6893 7317 1496 2003 8937 2017 6054 7224 5692 8992 7231 9691
398 8342 6893 6054 1496 4240 2003 1576 3749 8992 9565 8387 2017 8937 7225
399 6893 2017 8462 1496 2003 6054 7231 7317 5503 7224 7225 8992 1552 9316 9565
400 8342 6893 8387 3716 6054 2003 2017 7225 1496 7317 9316 8937 1 7224
401 8342 8387 1496 2017 8462 2003 7317 9316 1 9565 7224 6054 8992 7225 7786 3128 8198
402 2003 3716 2017 8992 8937 4240 7317 9316 8387 4994 6054 7224
403 6893 2003 7225 8937 7317 4994 6054 7224 2017 8387 1 1496 3128 7231
404 958 7317 6054 8387 1496 9691 2003 2017 7786 3716 3749 7224 6956
405 958 6893 2003 6054 8387 1496 7224 5692 4240 9316 2017 9565 3749 7225
406 8342 2017 2003 8462 7225 4994 3749 6054 7224 7231 5692 5755
407 6893 8387 8937 8462 2017 7225 7317 2003 6054 7231 3716 1059 1496 7224
408 958 6054 2017 9691 8387 9565 4240 7317 2003 5503 9316 5692 8992
409 2017 7317 2003 1496 8462 6054 7225 8387 3716 7224 9316 3749 7786 1 5755
410 6893 7225 3716 7224 2003 7317 8992 9316 6054 9691 4240 8462
411 958 6054 2017 3749 9691 8387 5692 9565 8462 6706 2003 4240 7225
412 958 6893 6054 2017 7317 7225 2003 3716 7224 8992 8387
413 8342 6893 958 8387 8462 3749 6054 4240 2003 9565 1552 9316 3716 2017 7224 1
414 958 2017 2003 3716 7224 8937 8387 7225 8462 6054 4994 9316 6956
415 8342 9691 2017 8387 5503 7225 2003 6054 8462 8937 1576 3716 9316 8992 7786 9565
416 6893 1496 2003 8462 7317 2017 9316 4994 6054 8387 1552 5692 1576 9565 5093 300 1059
417 8342 2017 6054 1496 8992 4240 7317 9316 5093 7225 1 2003
418 8342 2003 3716 5503 2017 1496 7317 4240 8937 8462 6054 1576 3749
419 8342 6893 8387 2003 7224 8937 2017 4240 7225 6054 6706 8462 3128 5692 1552 9316 1059
420 6893 2017 1496 8462 2003 7224 9565 6054 1 7225 6956 7317 958 300 6706
421 8342 1496 9691 6054 8462 2017 8387 8992 7224 7231 4240 7317 7786 1576
422 8342 6893 7317 6054 3749 7225 7224 2017 2003 8937 1
423 958 6893 3749 2017 8462 8387 2003 7317 9316 1496 6054 5692 7225 7224
424 8342 6893 958 8462 7225 2017 2003 1 9691 3749 9316 6054 8387 1552 9565
425 8342 958 6893 8462 6054 7224 8387 7317 5503 8937 2017 3749 9316 2003
426 8462 1496 7317 2017 2003 8387 3716 1576 6054 1552 9316 1059 3749 5692 8937
427 8342 6893 7317 2003 6054 2017 9565 8937 9316 8992 1496 1576 8387 6706 4240
428 958 6893 7317 6054 7224 2017 9316 3716 1496 2003 6706 5692
429 8342 958 8387 6893 2003 2017 7317 7225 5692 6054 9316 9691 4240
430 6893 2017 8387 9691 3716 7231 9316 1576 7317 6054 7224 1552 2003
431 8342 958 6893 8387 6054 3749 5503 2017 1496 9691 9316 7224 5093
432 8342 1496 6054 2017 7317 8387 2003 3749 9316 8992 7224 7307 5692
433 6893 958 8387 8462 7225 3749 6054 2003 5503 9691 1059 3716 2017 8937
434 8342 1496 6054 3749 3716 5692 7224 7317 1059 2017 8937
435 6893 7225 6054 2017 8462 7224 7317 1 2003 4240 1059 8992 9316
436 8342 1496 7317 2003 8937 6054 8992 1 2017 4240 1576 8387 1552 7224
437 958 6054 2017 8992 8387 7224 5093 9316 2003 1059 6956 1576
438 958 8462 6054 2017 5503 8387 7224 7317 3749 9316 2003 7225 5755 1
439 6893 6054 2003 9691 7225 2017 8387 3749 9316 1 8937 7317
440 958 6893 2017 7317 2003 8387 1496 8937 6054 4240 9316 7231 1552 3749
441 2017 7225 2003 7224 6054 8462 1 4240 9316 8387 3128 7231 6956 9565 5692 7786
442 6893 2017 7317 8387 5503 8937 6054 8992 1 7225 1552 9316 5692
443 958 2003 6054 5503 2017 8992 6706 8387 1552 9565 4994 3128 2107 5093 4294 639
444 8462 1496 2003 3749 7231 8992 8387 8937 9316 6054 2017 3716 7317
445 6054 7225 7317 9565 2003 3716 2017 8462 1496 7224 8992 1576 8387
446 8342 958 6893 8387 6054 5692 7224 2003 2017 5503 8992 1 1552 7225
447 8342 958 1496 2017 8387 9691 6054 9565 7317 5692 4994 4240 9316 1 2003
448 6893 2003 8387 7317 4994 3716 8462 2017 6054 4240 6706 7224 1
449 6893 9691 6054 8462 7225 8387 8937 2003 9316 8992 4240 3749 2017
450 8387 7225 8937 8992 3749 4994 2017 4240 2003 1 9316
451 8342 958 8387 2003 6054 1496 7317 4994 7224 1059 5503 1 2017 9316 7225
452 6054 8387 8462 7225 3716 2003 1496 2017 7317 1 8937 5692 8992
453 6893 9691 5503 6054 7317 2003 8992 2017 1 3716 1496 4240
454 8342 2017 7317 8387 8462 6054 4994 8992 2003 4240 9316 1 1576 1059 300 9565
455 8342 958 6893 2003 6054 8937 9691 2017 7317 3749 8992 8387
456 958 1496 2017 5503 6054 8387 8462 7317 7225 8992 1576 5692 9316
457 958 1496 2003 6054 8937 9565 5503 8462 1 2017 7317 7224 7225 9316 4994
458 8342 958 6893 2003 2017 8462 7317 3749 3716 1 9316 4994 6054
459 8387 7317 3749 6054 7224 8992 1 2017 2003 7225 4994
460 2017 9691 3749 1059 6054 1 7317 2003 3716 1552 8387 8462 7225 9565 5755
461 6893 3716 8387 7317 6054 7225 2017 5692 2003 3749 9691
462 8342 6054 7317 7225 7224 2017 1496 8992 4240 8937 2003 9691 7786 8387 8462
463 2003 8387 6054 2017 1 9316 7224 3716 1059 1576 7317 3128 5692
464 8342 6893 6054 8462 2003 7317 4994 9565 3749 9316 4240 8387 8992 5755 300
465 8342 8387 2003 3716 9691 7317 6054 9316 2017 8992 7224 3749
466 8342 958 2003 7317 8937 2017 5692 1576 3716 6054 9316 1
467 6893 9691 7225 6054 8387 1496 8992 2003 2017 7231 1 6706 1552 4240
468 6893 958 7317 2017 2003 7225 5692 5503 8387 8937 6054 1 1496 3128
469 6893 7317 8387 2003 4994 2017 6054 3716 4240 1496 5692 7225
470 2003 2017 7317 8937 6054 9316 8992 9565 7224 6706 5692 3128
471 8342 6893 2017 1496 8387 8992 2003 9316 6054 8937 3716 8462 5692 5755 1552 6706 639
472 9691 8462 8387 7225 3749 2003 7317 6054 8992 1496 8937 2017 1552 7224
473 1496 9691 9565 8937 6054 8387 7224 2017 1552 8462 7225 4240 2003 5692 8992 5755
474 6893 958 2017 7317 2003 8462 6054 9691 9565 7225 3716 1576 8387 6706
475 958 6893 6054 1496 2003 3716 3749 7225 2017 7317 1
476 8342 6893 958 7317 2003 8387 8462 6054 9316 3749 8992 1576 1552 2017 7786
477 8342 2003 8387 3749 7224 8992 6054 7225 2017 1 1552 5093
478 6893 9691 7317 5503 6054 2017 8387 8992 5692 1 7224
479 1496 2003 2017 7224 8387 1 6054 8992 3128 4240 7317 9565 5755 8427 1552 4293
480 8387 2003 3716 1496 8462 6054 8937 7224 2017 3749 6956 8992 5755 8198
481 8342 7317 9691 8992 7224 7231 2017 5692 1552 2003 6054
482 8342 9691 7317 6054 2003 2017 8937 8462 9565 7224 8387 8992 3716 7225 1496
483 8342 2017 2003 7317 5692 6054 9316 4240 1496 8937 7224 8992
484 6893 8387 6054 2017 5692 2003 5503 8937 3749 8992 4240 3716
485 6893 2003 7317 7224 1496 8937 7225 9316 1 7231 2017 8462 9565
486 958 7317 2017 8387 7225 2003 8992 9691 1 7786 6054 9565
487 6893 2017 8387 2003 1496 7225 6054 7317 9316 3749 5692 4240
488 2003 5503 8387 6054 7317 7224 8462 3716 8992 5093 9565 4240 9691 1552
489 6893 8387 5503 7225 7317 2003 9316 3716 1576 6054 2017 1 7224
490 6893 8937 8387 2003 6054 7225 9316 2017 8462 4994 1552 7224 9565 3749 8992
491 6893 8387 6054 2017 7224 4240 1496 7317 3716 2003 8462 8992 3128 3749
492 958 6054 7317 5503 7224 8387 8992 2017 9316 7225 5692
493 6893 2017 9691 2003 9565 5692 8462 1552 8992 4994 6054 9316 7224 3128 6956
494 2003 2017 7225 8462 7224 8387 3749 8937 9316 7317 8992 6054 1552
495 2003 2017 8462 7317 7225 6054 3749 3716 7231 9691 9316
496 8342 2003 8462 6054 5692 2017 8387 9565 7224 9316 8937 3128 6706 5306 7317
497 2017 8937 8462 3716 2003 3749 6054 1 7317 1576 7225
498 6893 7317 2003 1496 7225 2017 1059 6054 8387 3749 4240 8462 7786 8992 300
499 6893 8387 6054 7225 7317 2017 8462 3749 8937 2003 8992 1 9565 5503
